d:\github projects\villageproject\villageproject\x64\debug\villageproject.pch
d:\github projects\villageproject\villageproject\x64\debug\vc141.pdb
d:\github projects\villageproject\villageproject\x64\debug\vc141.idb
d:\github projects\villageproject\villageproject\x64\debug\pch.obj
d:\github projects\villageproject\villageproject\x64\debug\animal.obj
d:\github projects\villageproject\villageproject\x64\debug\apartment.obj
d:\github projects\villageproject\villageproject\x64\debug\bear.obj
d:\github projects\villageproject\villageproject\x64\debug\child.obj
d:\github projects\villageproject\villageproject\x64\debug\dog.obj
d:\github projects\villageproject\villageproject\x64\debug\family.obj
d:\github projects\villageproject\villageproject\x64\debug\house.obj
d:\github projects\villageproject\villageproject\x64\debug\indooranimal.obj
d:\github projects\villageproject\villageproject\x64\debug\outdooranimal.obj
d:\github projects\villageproject\villageproject\x64\debug\parent.obj
d:\github projects\villageproject\villageproject\x64\debug\person.obj
d:\github projects\villageproject\villageproject\x64\debug\villa.obj
d:\github projects\villageproject\villageproject\x64\debug\village.obj
d:\github projects\villageproject\villageproject\x64\debug\villageproject.obj
d:\github projects\villageproject\x64\debug\villageproject.ilk
d:\github projects\villageproject\x64\debug\villageproject.exe
d:\github projects\villageproject\x64\debug\villageproject.pdb
d:\github projects\villageproject\villageproject\x64\debug\villageproject.tlog\cl.command.1.tlog
d:\github projects\villageproject\villageproject\x64\debug\villageproject.tlog\cl.read.1.tlog
d:\github projects\villageproject\villageproject\x64\debug\villageproject.tlog\cl.write.1.tlog
d:\github projects\villageproject\villageproject\x64\debug\villageproject.tlog\link.command.1.tlog
d:\github projects\villageproject\villageproject\x64\debug\villageproject.tlog\link.read.1.tlog
d:\github projects\villageproject\villageproject\x64\debug\villageproject.tlog\link.write.1.tlog
